2025-05-31 23:04:30,468 - INFO - Starting comprehensive COALESCE analysis...
2025-05-31 23:04:30,468 - INFO - Starting Duration vs Cost Reduction analysis...
2025-05-31 23:04:30,468 - INFO - Running experiment dur_01: 1d, 15a, 30c
2025-05-31 23:04:32,161 - INFO - Running experiment dur_02: 3d, 15a, 30c
2025-05-31 23:04:33,904 - INFO - Running experiment dur_03: 5d, 15a, 30c
2025-05-31 23:04:35,664 - INFO - Running experiment dur_04: 7d, 15a, 30c
2025-05-31 23:04:37,492 - INFO - Running experiment dur_05: 10d, 15a, 30c
2025-05-31 23:04:39,378 - INFO - Running experiment dur_06: 15d, 15a, 30c
2025-05-31 23:04:41,355 - INFO - Running experiment dur_07: 20d, 15a, 30c
2025-05-31 23:04:43,578 - INFO - Running experiment dur_08: 25d, 15a, 30c
2025-05-31 23:04:45,847 - INFO - Running experiment dur_09: 30d, 15a, 30c
2025-05-31 23:04:48,327 - INFO - Starting Agent Count vs Cost Reduction analysis...
2025-05-31 23:04:48,327 - INFO - Running experiment agt_01: 7d, 5a, 10c
2025-05-31 23:04:50,140 - INFO - Running experiment agt_02: 7d, 10a, 20c
2025-05-31 23:04:51,943 - INFO - Running experiment agt_03: 7d, 15a, 30c
2025-05-31 23:04:53,800 - INFO - Running experiment agt_04: 7d, 20a, 40c
2025-05-31 23:04:55,636 - INFO - Running experiment agt_05: 7d, 25a, 50c
2025-05-31 23:04:57,553 - INFO - Running experiment agt_06: 7d, 30a, 60c
2025-05-31 23:04:59,460 - INFO - Running experiment agt_07: 7d, 40a, 80c
2025-05-31 23:05:01,409 - INFO - Running experiment agt_08: 7d, 50a, 100c
2025-05-31 23:05:04,095 - INFO - Duration analysis plot saved to analysis_results/duration_analysis.png
2025-05-31 23:05:04,797 - INFO - Agent analysis plot saved to analysis_results/agent_analysis.png
2025-05-31 23:05:05,186 - INFO - Analysis complete!
2025-05-31 23:13:20,522 - INFO - Starting comprehensive COALESCE analysis...
2025-05-31 23:13:20,523 - INFO - Starting Duration vs Cost Reduction analysis...
2025-05-31 23:13:20,523 - INFO - Running experiment dur_01: 1d, 15a, 30c
2025-05-31 23:13:22,228 - INFO - Running experiment dur_02: 3d, 15a, 30c
2025-05-31 23:13:24,002 - INFO - Running experiment dur_03: 5d, 15a, 30c
2025-05-31 23:13:25,873 - INFO - Running experiment dur_04: 7d, 15a, 30c
2025-05-31 23:13:27,803 - INFO - Running experiment dur_05: 10d, 15a, 30c
2025-05-31 23:13:29,839 - INFO - Running experiment dur_06: 15d, 15a, 30c
2025-05-31 23:13:31,112 - INFO - Running experiment dur_07: 20d, 15a, 30c
2025-05-31 23:13:33,526 - INFO - Running experiment dur_08: 25d, 15a, 30c
2025-05-31 23:13:36,220 - INFO - Running experiment dur_09: 30d, 15a, 30c
2025-05-31 23:13:39,117 - INFO - Starting Agent Count vs Cost Reduction analysis...
2025-05-31 23:13:39,117 - INFO - Running experiment agt_01: 7d, 5a, 10c
2025-05-31 23:13:40,982 - INFO - Running experiment agt_02: 7d, 10a, 20c
2025-05-31 23:13:42,887 - INFO - Running experiment agt_03: 7d, 15a, 30c
2025-05-31 23:13:44,878 - INFO - Running experiment agt_04: 7d, 20a, 40c
2025-05-31 23:13:46,891 - INFO - Running experiment agt_05: 7d, 25a, 50c
2025-05-31 23:13:49,059 - INFO - Running experiment agt_06: 7d, 30a, 60c
2025-05-31 23:13:51,116 - INFO - Running experiment agt_07: 7d, 40a, 80c
2025-05-31 23:13:53,251 - INFO - Running experiment agt_08: 7d, 50a, 100c
2025-05-31 23:13:55,416 - INFO - Duration analysis plot saved to analysis_results/duration_analysis.png
2025-05-31 23:13:56,163 - INFO - Agent analysis plot saved to analysis_results/agent_analysis.png
2025-05-31 23:13:56,562 - INFO - Analysis complete!
